[167154] 2017-01-03 00:43:29
Received fatal signal 6 (Aborted).
 Cause:
  Signal sent by PID 9321 running under UID 5869.
 Crashing thread: Main Thread
 Registers
   RDI:  [0x0B8000000F000003]
   RSI:  [0x000000F000093AF0]
   RBP:  [0x000000800793090D]
   RSP:  [0x8000090034000005]
   RAX:  [0x020C076000004000]
   RBX:  [0x7030000C00000007]
   RCX:  [0x00000A0000000000]
   RDX:  [0x2000000000000000]
   EFL:  [0x0000000000000000]

 OS: Linux
 Arch: x86-64

 Backtrace:
  [0x0000000070000000] gsignal + 53 (/lib64/libc.so.6)
  [0x0000000000000000] abort + 373 (/lib64/libc.so.6)
  [0x0000000386000C00] ? (/lib64/libc.so.6)
  [0x709300000020E000] __assert_perror_fail + 0 (/lib64/libc.so.6)
  [0x00900000000E9080] _ZN11XmlDocument8addChildERK7XmlNode + 61 (dcrusherd)
  [0x0002001513190000] _Z18getSearchConfigXMLR11XmlDocumentPKPKc + 544 (dcrusherd)
  [0x0000000C8BB0301C] _Z22do_search_process_impliPKPKcP12BundlesSetupb + 6141 (dcrusherd)
 Linux / usr13.eng.buttercupgames.com / 2.6.32-279.5.2.el6.x86_64 / #1 SMP Fri Aug 24 01:07:11 UTC 2013 / x86_64
 /etc/redhat-release: CentOS release 6.3 (Final)
 glibc version: 2.12
 glibc release: stable
Last errno: 2
Threads running: 1
argv: [dcrusherd --id=fotapq6pxfwxu0s5tyq4 --ttl=120 --maxout=500000 --maxtime=8640000 --reduce_freq=10 --user=system-user]
        0: 00F6000E 03D07030 B0000070 093B6E00
        1: 000002D0 0F000800 00000006 0A009000
        2: C00D0001 510B000C 0000D086 90450000
        3: 00AEA005 0C0700E8 0000ED00 00210050
        4: 8009A120 0050A000 04000000 04F57E00
        5: 00060030 03000600 07A0000F 051FA309
        6: 4000E506 007000A3 0CE00900 D000CD00
        7: 0000004C 004009F0 90000000 A00F0060
        8: 00000000 00000000 000F0000 F0000000
        9: 00000C00 00020040 00000000 50000100
        A: 18D00E04 1000D006 000A0001 00005E10
        B: 0030000A 060000E5 C00000A0 00000000
terminating...
