[167154] 2017-01-11 00:43:25
Received fatal signal 6 (Aborted).
 Cause:
  Signal sent by PID 6156 running under UID 1299.
 Crashing thread: Main Thread
 Registers
   RDI:  [0x000D00C50C01000F]
   RSI:  [0x0000000009007D00]
   RBP:  [0x0000000000000010]
   RSP:  [0x00FD000000000000]
   RAX:  [0x0000020000000000]
   RBX:  [0x0E07030000000000]
   RCX:  [0x000B00F000000000]
   RDX:  [0x000000500B000000]
   EFL:  [0x0089000000590000]

 OS: Linux
 Arch: x86-64

 Backtrace:
  [0x0000000003000E00] gsignal + 53 (/lib64/libc.so.6)
  [0x0660000000000000] abort + 373 (/lib64/libc.so.6)
  [0x007000090000000E] ? (/lib64/libc.so.6)
  [0x000000F000010000] __assert_perror_fail + 0 (/lib64/libc.so.6)
  [0x50300000070000F0] _ZN11XmlDocument8addChildERK7XmlNode + 61 (dcrusherd)
  [0xB007000003000000] _Z18getSearchConfigXMLR11XmlDocumentPKPKc + 544 (dcrusherd)
  [0x0000600000000000] _Z22do_search_process_impliPKPKcP12BundlesSetupb + 6141 (dcrusherd)
 Linux / usr13.eng.buttercupgames.com / 2.6.32-279.5.2.el6.x86_64 / #1 SMP Fri Aug 24 01:07:11 UTC 2013 / x86_64
 /etc/redhat-release: CentOS release 6.3 (Final)
 glibc version: 2.12
 glibc release: stable
Last errno: 2
Threads running: 1
argv: [dcrusherd --id=eqamn97qh6t8wn011m31 --ttl=120 --maxout=500000 --maxtime=8640000 --reduce_freq=10 --user=system-user]
        0: 10BBC000 C90D8020 C0000000 00010005
        1: 0000006F 00070000 0C000000 00000008
        2: 00009700 70000000 DC000E40 09E00002
        3: 00710050 00000070 0D00100B 0000F000
        4: 8041D014 0E000008 40000000 00005E09
        5: 0A000000 30000400 207B0047 00660050
        6: 40500000 00009BA0 00820000 0A04C000
        7: 0D000C00 000E0050 A0900000 0BA00F00
        8: A0010D00 90000000 00003000 10080008
        9: 01050000 03100C00 50005000 E00B007E
        A: 070A0080 00000840 3500D007 00000000
        B: 000D0D00 00030000 F04A0DB0 00600000
terminating...
