[167154] 2017-01-03 00:46:26
Received fatal signal 6 (Aborted).
 Cause:
  Signal sent by PID 6241 running under UID 5898.
 Crashing thread: Main Thread
 Registers
   RDI:  [0x00000B0500000C09]
   RSI:  [0x0F0097000009A300]
   RBP:  [0x0000000000002000]
   RSP:  [0x004B000000000D00]
   RAX:  [0x00042000010D0000]
   RBX:  [0x3005000000100000]
   RCX:  [0xE0E000000C010000]
   RDX:  [0x0000000A00000C00]
   EFL:  [0x0000000000020000]

 OS: Linux
 Arch: x86-64

 Backtrace:
  [0x04050A000000D000] gsignal + 53 (/lib64/libc.so.6)
  [0x0600000000000000] abort + 373 (/lib64/libc.so.6)
  [0x000C000000000000] ? (/lib64/libc.so.6)
  [0x80000000090300B0] __assert_perror_fail + 0 (/lib64/libc.so.6)
  [0x0F0000000E00B000] _ZN11XmlDocument8addChildERK7XmlNode + 61 (dcrusherd)
  [0x0800000070500C00] _Z18getSearchConfigXMLR11XmlDocumentPKPKc + 544 (dcrusherd)
  [0x0000100000000000] _Z22do_search_process_impliPKPKcP12BundlesSetupb + 6141 (dcrusherd)
 Linux / usr13.eng.buttercupgames.com / 2.6.32-279.5.2.el6.x86_64 / #1 SMP Fri Aug 24 01:07:11 UTC 2013 / x86_64
 /etc/redhat-release: CentOS release 6.3 (Final)
 glibc version: 2.12
 glibc release: stable
Last errno: 2
Threads running: 1
argv: [dcrusherd --id=dlz9rtmtkpciptotcz9f --ttl=120 --maxout=500000 --maxtime=8640000 --reduce_freq=10 --user=system-user]
        0: 0A000000 00008A00 60000000 00E000C8
        1: 06C20007 4F000000 0050000E FB000D01
        2: 00000090 7000000B 800B0700 0C0054F0
        3: 00000970 000A6700 035C0000 70000000
        4: 0B200000 0A90000D 09000807 000F0001
        5: 300F0600 00009006 0000D7C0 00070090
        6: 009000F0 00E00030 0F8009A0 04061A10
        7: B000D000 B563F000 0000E000 00020900
        8: 40000405 C9B0FA0A 0400300A 0000021D
        9: 00000000 0003F600 0BD00000 000CF302
        A: 0C0002B0 1D000099 0000E005 70003000
        B: 00A00703 00000420 8000E000 0300C600
terminating...
