[167154] 2017-01-03 00:43:26
Received fatal signal 6 (Aborted).
 Cause:
  Signal sent by PID 4679 running under UID 1687.
 Crashing thread: Main Thread
 Registers
   RDI:  [0x0000000060000000]
   RSI:  [0x0000009D00003002]
   RBP:  [0x0D60000000000000]
   RSP:  [0x0000000000067002]
   RAX:  [0x8000004000007000]
   RBX:  [0x0000C00000000000]
   RCX:  [0x00CCF08050000094]
   RDX:  [0x00A0000000030000]
   EFL:  [0x000900C000000303]

 OS: Linux
 Arch: x86-64

 Backtrace:
  [0x00400A6000205000] gsignal + 53 (/lib64/libc.so.6)
  [0x0900000F00010000] abort + 373 (/lib64/libc.so.6)
  [0x00100D0000000060] ? (/lib64/libc.so.6)
  [0x0700500000710000] __assert_perror_fail + 0 (/lib64/libc.so.6)
  [0x00B000009003000C] _ZN11XmlDocument8addChildERK7XmlNode + 61 (dcrusherd)
  [0x0F00020040600000] _Z18getSearchConfigXMLR11XmlDocumentPKPKc + 544 (dcrusherd)
  [0x0003001000500000] _Z22do_search_process_impliPKPKcP12BundlesSetupb + 6141 (dcrusherd)
 Linux / usr13.eng.buttercupgames.com / 2.6.32-279.5.2.el6.x86_64 / #1 SMP Fri Aug 24 01:07:11 UTC 2013 / x86_64
 /etc/redhat-release: CentOS release 6.3 (Final)
 glibc version: 2.12
 glibc release: stable
Last errno: 2
Threads running: 1
argv: [dcrusherd --id=i1eldsbqx1felxlgh9rx --ttl=120 --maxout=500000 --maxtime=8640000 --reduce_freq=10 --user=system-user]
        0: 00000069 E0200000 00000009 00000330
        1: E4107708 7060E049 10600A00 002CC000
        2: 600EB0B0 E0000C41 6D5000EC 0004D000
        3: 00000000 F6100000 00B0F600 FF00000E
        4: 0010700B 00600800 B006000D 00000066
        5: 094C009E 5705E000 00000000 000A0000
        6: 0000A900 00500E09 00903B00 6F0C000B
        7: 00000B0F 1000E000 50030F00 1000C9C8
        8: 03070003 00050200 040E0020 00400300
        9: 00000000 60009C02 60300000 0C6C0000
        A: F90E0407 00000006 00001000 0C000030
        B: 00CFA005 30042D11 00000009 1509D000
terminating...
