[167154] 2017-01-11 00:43:28
Received fatal signal 6 (Aborted).
 Cause:
  Signal sent by PID 3412 running under UID 5986.
 Crashing thread: Main Thread
 Registers
   RDI:  [0x0000000640980000]
   RSI:  [0x5040600000000A00]
   RBP:  [0x10000000800E0000]
   RSP:  [0x0000000600000000]
   RAX:  [0x0000000F4F040E00]
   RBX:  [0x0B00000E60000000]
   RCX:  [0x0000000000000000]
   RDX:  [0x0000000000BD0000]
   EFL:  [0x50004900D0040000]

 OS: Linux
 Arch: x86-64

 Backtrace:
  [0x0000090000000A00] gsignal + 53 (/lib64/libc.so.6)
  [0x00D02DF000000800] abort + 373 (/lib64/libc.so.6)
  [0x000B80000000D0E0] ? (/lib64/libc.so.6)
  [0x5500000000500000] __assert_perror_fail + 0 (/lib64/libc.so.6)
  [0xB0000030020020C0] _ZN11XmlDocument8addChildERK7XmlNode + 61 (dcrusherd)
  [0x000000000000E000] _Z18getSearchConfigXMLR11XmlDocumentPKPKc + 544 (dcrusherd)
  [0xF000010048000650] _Z22do_search_process_impliPKPKcP12BundlesSetupb + 6141 (dcrusherd)
 Linux / usr13.eng.buttercupgames.com / 2.6.32-279.5.2.el6.x86_64 / #1 SMP Fri Aug 24 01:07:11 UTC 2013 / x86_64
 /etc/redhat-release: CentOS release 6.3 (Final)
 glibc version: 2.12
 glibc release: stable
Last errno: 2
Threads running: 1
argv: [dcrusherd --id=cvm1h6zqibu4x40nn3en --ttl=120 --maxout=500000 --maxtime=8640000 --reduce_freq=10 --user=system-user]
        0: 0B60F107 00000E00 C0800000 71000001
        1: 00E50000 A0110004 00D07000 190AA909
        2: 00000109 00000060 00000000 AC0E1C10
        3: D0A00000 0000D020 0C000000 910A7000
        4: 00000F00 00000080 00307000 0000000F
        5: 00000B00 00307000 00000000 00EE005A
        6: 030F02F0 007E0A00 0900FB0F 8A00F080
        7: 01000001 00062000 0A004000 70000000
        8: 06020200 00000001 30E80000 00003402
        9: 3B00000F 080F00D0 0100B00E 00000040
        A: 00057000 40000300 00000180 00080AFB
        B: 0E430000 00008A05 C0050000 08005620
terminating...
