[167154] 2017-01-11 00:43:27
Received fatal signal 6 (Aborted).
 Cause:
  Signal sent by PID 7726 running under UID 5349.
 Crashing thread: Main Thread
 Registers
   RDI:  [0x0000000500300000]
   RSI:  [0x001000000C0000D0]
   RBP:  [0x0000800000033000]
   RSP:  [0x0000000000F7E003]
   RAX:  [0x00000D000F000C00]
   RBX:  [0x790050009090000F]
   RCX:  [0x0000000570000000]
   RDX:  [0x0000670500080000]
   EFL:  [0x0006300C0E000050]

 OS: Linux
 Arch: x86-64

 Backtrace:
  [0x0000000040000500] gsignal + 53 (/lib64/libc.so.6)
  [0x000C00000008090F] abort + 373 (/lib64/libc.so.6)
  [0x0000053000000003] ? (/lib64/libc.so.6)
  [0x00002F00C000000E] __assert_perror_fail + 0 (/lib64/libc.so.6)
  [0x0000000000000000] _ZN11XmlDocument8addChildERK7XmlNode + 61 (dcrusherd)
  [0x000000005000A000] _Z18getSearchConfigXMLR11XmlDocumentPKPKc + 544 (dcrusherd)
  [0x000D0000BBD00F00] _Z22do_search_process_impliPKPKcP12BundlesSetupb + 6141 (dcrusherd)
 Linux / usr13.eng.buttercupgames.com / 2.6.32-279.5.2.el6.x86_64 / #1 SMP Fri Aug 24 01:07:11 UTC 2013 / x86_64
 /etc/redhat-release: CentOS release 6.3 (Final)
 glibc version: 2.12
 glibc release: stable
Last errno: 2
Threads running: 1
argv: [dcrusherd --id=v6f3lxaysoflej3t9idi --ttl=120 --maxout=500000 --maxtime=8640000 --reduce_freq=10 --user=system-user]
        0: 07004007 F04D00FB 00700430 00B10000
        1: 000F0000 06080009 00305000 00000000
        2: 0B02DBE0 000000E0 4C000000 0000A000
        3: 00000B03 0000000A 0E000B00 00410090
        4: 4000D000 0C000FA0 00E00007 00000331
        5: C0000000 000006F2 D88000F0 0A0EA000
        6: 00004AE0 3A004E00 00000F00 A4073080
        7: D0000000 000000F3 400630A0 00A80100
        8: 010CC00A 09700700 00C00000 00A08001
        9: 060000F0 03057006 00EC0B91 00000000
        A: 0E004000 07000005 000B00DF 0000B000
        B: 0000020F 0F000300 00000300 00100000
terminating...
